<!DOCTYPE html PUBLIC "-//W3C//DTD XHTML 1.1//EN" "http://www.w3.org/TR/xhtml11/DTD/xhtml11.dtd">
<html xmlns="http://www.w3.org/1999/xhtml">
<head>
<meta http-equiv="content-type" content="text/html; charset=UTF-8"/>
<title>TestNG Report</title>
<style type="text/css">table {margin-bottom:10px;border-collapse:collapse;empty-cells:show}th,td {border:1px solid #009;padding:.25em .5em}th {vertical-align:bottom}td {vertical-align:top}table a {font-weight:bold}.stripe td {background-color: #E6EBF9}.num {text-align:right}.passedodd td {background-color: #3F3}.passedeven td {background-color: #0A0}.skippedodd td {background-color: #DDD}.skippedeven td {background-color: #CCC}.failedodd td,.attn {background-color: #F33}.failedeven td,.stripe .attn {background-color: #D00}.stacktrace {white-space:pre;font-family:monospace}.totop {font-size:85%;text-align:center;border-bottom:2px solid #000}.invisible {display:none}</style>
</head>
<body>
<table>
<tr><th>Test</th><th># Passed</th><th># Skipped</th><th># Failed</th><th>Time (ms)</th><th>Included Groups</th><th>Excluded Groups</th></tr>
<tr><th colspan="7">My Store Test Suite</th></tr>
<tr><td><a href="#t0">My Store Home Page Test</a></td><td class="num">3</td><td class="num">0</td><td class="num">0</td><td class="num">66,026</td><td></td><td></td></tr>
<tr class="stripe"><td><a href="#t1">My Store Login Page Test </a></td><td class="num">5</td><td class="num">0</td><td class="num">0</td><td class="num">74,842</td><td></td><td></td></tr>
<tr><td><a href="#t2">My Store My Account Page Test </a></td><td class="num">7</td><td class="num">0</td><td class="num attn">2</td><td class="num">95,134</td><td></td><td></td></tr>
<tr><th>Total</th><th class="num">15</th><th class="num">0</th><th class="num attn">2</th><th class="num">236,002</th><th colspan="2"></th></tr>
</table>
<table id='summary'><thead><tr><th>Class</th><th>Method</th><th>Start</th><th>Time (ms)</th></tr></thead><tbody><tr><th colspan="4">My Store Test Suite</th></tr></tbody><tbody id="t0"><tr><th colspan="4">My Store Home Page Test &#8212; passed</th></tr><tr class="passedeven"><td rowspan="3">com.qa.mystore.tests.HomePageTest</td><td><a href="#m0">cickOnSignInTest</a></td><td rowspan="1">1656320967097</td><td rowspan="1">9962</td></tr><tr class="passedeven"><td><a href="#m1">homePageTitleTest</a></td><td rowspan="1">1656320961378</td><td rowspan="1">4993</td></tr><tr class="passedeven"><td><a href="#m2">isSignInExistTest</a></td><td rowspan="1">1656320966471</td><td rowspan="1">618</td></tr></tbody>
<tbody id="t1"><tr><th colspan="4">My Store Login Page Test  &#8212; passed</th></tr><tr class="passedeven"><td rowspan="5">com.qa.mystore.tests.LoginPageTest</td><td><a href="#m3">doLoginTest</a></td><td rowspan="1">1656320978300</td><td rowspan="1">10499</td></tr><tr class="passedeven"><td><a href="#m4">getLoginPageTitleTest</a></td><td rowspan="1">1656320977710</td><td rowspan="1">30</td></tr><tr class="passedeven"><td><a href="#m5">isCreateAnAccoutbtnExistTest</a></td><td rowspan="1">1656320978204</td><td rowspan="1">93</td></tr><tr class="passedeven"><td><a href="#m6">isForgotPasswordExistTest</a></td><td rowspan="1">1656320978080</td><td rowspan="1">119</td></tr><tr class="passedeven"><td><a href="#m7">isSignInbtnExistTest</a></td><td rowspan="1">1656320977766</td><td rowspan="1">310</td></tr></tbody>
<tbody id="t2"><tr><th colspan="4">My Store My Account Page Test  &#8212; failed</th></tr><tr class="failedeven"><td rowspan="2">com.qa.mystore.tests.MyAccountPageTest</td><td><a href="#m8">addToCartTest</a></td><td rowspan="2">1656321001240</td><td rowspan="2">5843</td></tr><tr class="failedeven"><td><a href="#m9">addToCartTest</a></td></tr><tr><th colspan="4">My Store My Account Page Test  &#8212; passed</th></tr><tr class="passedeven"><td rowspan="7">com.qa.mystore.tests.MyAccountPageTest</td><td><a href="#m10">doSearchTest</a></td><td rowspan="2">1656320989930</td><td rowspan="2">8265</td></tr><tr class="passedeven"><td><a href="#m11">doSearchTest</a></td></tr><tr class="passedeven"><td><a href="#m12">isDressesLinkExisteTest</a></td><td rowspan="1">1656320989713</td><td rowspan="1">102</td></tr><tr class="passedeven"><td><a href="#m13">isSignOutExistTest</a></td><td rowspan="1">1656320989404</td><td rowspan="1">146</td></tr><tr class="passedeven"><td><a href="#m14">isTshirtsLinkExisteTest</a></td><td rowspan="1">1656320989818</td><td rowspan="1">97</td></tr><tr class="passedeven"><td><a href="#m15">isWomenLinkExistTest</a></td><td rowspan="1">1656320989558</td><td rowspan="1">152</td></tr><tr class="passedeven"><td><a href="#m16">myAccountPageNameTest</a></td><td rowspan="1">1656320989215</td><td rowspan="1">186</td></tr></tbody>
</table>
<h2>My Store Home Page Test</h2><h3 id="m0">com.qa.mystore.tests.HomePageTest#cickOnSignInTest</h3><table class="result"><tr><th class="invisible"/></tr></table><p class="totop"><a href="#summary">back to summary</a></p>
<h3 id="m1">com.qa.mystore.tests.HomePageTest#homePageTitleTest</h3><table class="result"><tr><th class="invisible"/></tr></table><p class="totop"><a href="#summary">back to summary</a></p>
<h3 id="m2">com.qa.mystore.tests.HomePageTest#isSignInExistTest</h3><table class="result"><tr><th class="invisible"/></tr></table><p class="totop"><a href="#summary">back to summary</a></p>
<h2>My Store Login Page Test </h2><h3 id="m3">com.qa.mystore.tests.LoginPageTest#doLoginTest</h3><table class="result"><tr><th class="invisible"/></tr></table><p class="totop"><a href="#summary">back to summary</a></p>
<h3 id="m4">com.qa.mystore.tests.LoginPageTest#getLoginPageTitleTest</h3><table class="result"><tr><th class="invisible"/></tr></table><p class="totop"><a href="#summary">back to summary</a></p>
<h3 id="m5">com.qa.mystore.tests.LoginPageTest#isCreateAnAccoutbtnExistTest</h3><table class="result"><tr><th class="invisible"/></tr></table><p class="totop"><a href="#summary">back to summary</a></p>
<h3 id="m6">com.qa.mystore.tests.LoginPageTest#isForgotPasswordExistTest</h3><table class="result"><tr><th class="invisible"/></tr></table><p class="totop"><a href="#summary">back to summary</a></p>
<h3 id="m7">com.qa.mystore.tests.LoginPageTest#isSignInbtnExistTest</h3><table class="result"><tr><th class="invisible"/></tr></table><p class="totop"><a href="#summary">back to summary</a></p>
<h2>My Store My Account Page Test </h2><h3 id="m8">com.qa.mystore.tests.MyAccountPageTest#addToCartTest</h3><table class="result"><tr class="param"><th>Parameter #1</th><th>Parameter #2</th></tr><tr class="param stripe"><td>Dresses</td><td>Printed Summer Dress</td></tr><tr><th colspan="2">Exception</th></tr><tr><td colspan="2"><div class="stacktrace">org.openqa.selenium.NoSuchElementException: no such element: Unable to locate element: {&quot;method&quot;:&quot;xpath&quot;,&quot;selector&quot;:&quot;//button[@type=&apos;submit&apos; and @name=&apos;Submit&apos;]&quot;}
  (Session info: chrome=102.0.5005.115)
For documentation on this error, please visit: https://selenium.dev/exceptions/#no_such_element
Build info: version: &apos;4.2.1&apos;, revision: &apos;ac4d0fdd4a&apos;
System info: host: &apos;DESKTOP-449DJMC&apos;, ip: &apos;192.168.29.240&apos;, os.name: &apos;Windows 10&apos;, os.arch: &apos;amd64&apos;, os.version: &apos;10.0&apos;, java.version: &apos;18.0.1.1&apos;
Driver info: org.openqa.selenium.chrome.ChromeDriver
Command: [83ba6748feedbd3914eb6607d655883c, findElement {using=xpath, value=//button[@type=&apos;submit&apos; and @name=&apos;Submit&apos;]}]
Capabilities {acceptInsecureCerts: false, browserName: chrome, browserVersion: 102.0.5005.115, chrome: {chromedriverVersion: 102.0.5005.61 (0e59bcc00cc4..., userDataDir: C:\Users\lenovo\AppData\Loc...}, goog:chromeOptions: {debuggerAddress: localhost:59288}, networkConnectionEnabled: false, pageLoadStrategy: normal, platformName: WINDOWS, proxy: Proxy(), se:cdp: ws://localhost:59288/devtoo..., se:cdpVersion: 102.0.5005.115, setWindowRect: true, strictFileInteractability: false, timeouts: {implicit: 0, pageLoad: 300000, script: 30000}, unhandledPromptBehavior: dismiss and notify, webauthn:extension:credBlob: true, webauthn:extension:largeBlob: true, webauthn:virtualAuthenticators: true}
Session ID: 83ba6748feedbd3914eb6607d655883c
	at java.base/jdk.internal.reflect.DirectConstructorHandleAccessor.newInstance(DirectConstructorHandleAccessor.java:67)
	at java.base/java.lang.reflect.Constructor.newInstanceWithCaller(Constructor.java:499)
	at java.base/java.lang.reflect.Constructor.newInstance(Constructor.java:483)
	at org.openqa.selenium.remote.codec.w3c.W3CHttpResponseCodec.createException(W3CHttpResponseCodec.java:200)
	at org.openqa.selenium.remote.codec.w3c.W3CHttpResponseCodec.decode(W3CHttpResponseCodec.java:133)
	at org.openqa.selenium.remote.codec.w3c.W3CHttpResponseCodec.decode(W3CHttpResponseCodec.java:53)
	at org.openqa.selenium.remote.HttpCommandExecutor.execute(HttpCommandExecutor.java:184)
	at org.openqa.selenium.remote.service.DriverCommandExecutor.invokeExecute(DriverCommandExecutor.java:167)
	at org.openqa.selenium.remote.service.DriverCommandExecutor.execute(DriverCommandExecutor.java:142)
	at org.openqa.selenium.remote.RemoteWebDriver.execute(RemoteWebDriver.java:551)
	at org.openqa.selenium.remote.ElementLocation$ElementFinder$2.findElement(ElementLocation.java:162)
	at org.openqa.selenium.remote.ElementLocation.findElement(ElementLocation.java:60)
	at org.openqa.selenium.remote.RemoteWebDriver.findElement(RemoteWebDriver.java:369)
	at org.openqa.selenium.remote.RemoteWebDriver.findElement(RemoteWebDriver.java:361)
	at com.qa.mystore.utils.ElementUtil.getElement(ElementUtil.java:71)
	at com.qa.mystore.utils.ElementUtil.doClick(ElementUtil.java:108)
	at com.qa.mystore.pages.productInfoPage.doClickOnAddToCart(productInfoPage.java:28)
	at com.qa.mystore.tests.MyAccountPageTest.addToCartTest(MyAccountPageTest.java:78)
	at java.base/jdk.internal.reflect.DirectMethodHandleAccessor.invoke(DirectMethodHandleAccessor.java:104)
	at java.base/java.lang.reflect.Method.invoke(Method.java:577)
	at org.testng.internal.MethodInvocationHelper.invokeMethod(MethodInvocationHelper.java:124)
	at org.testng.internal.Invoker.invokeMethod(Invoker.java:583)
	at org.testng.internal.Invoker.invokeTestMethod(Invoker.java:719)
	at org.testng.internal.Invoker.invokeTestMethods(Invoker.java:989)
	at org.testng.internal.TestMethodWorker.invokeTestMethods(TestMethodWorker.java:125)
	at org.testng.internal.TestMethodWorker.run(TestMethodWorker.java:109)
	at org.testng.TestRunner.privateRun(TestRunner.java:648)
	at org.testng.TestRunner.run(TestRunner.java:505)
	at org.testng.SuiteRunner.runTest(SuiteRunner.java:455)
	at org.testng.SuiteRunner.access$000(SuiteRunner.java:40)
	at org.testng.SuiteRunner$SuiteWorker.run(SuiteRunner.java:489)
	at org.testng.internal.thread.ThreadUtil$1.call(ThreadUtil.java:52)
	at java.base/java.util.concurrent.FutureTask.run(FutureTask.java:264)
	at java.base/java.util.concurrent.ThreadPoolExecutor.runWorker(ThreadPoolExecutor.java:1136)
	at java.base/java.util.concurrent.ThreadPoolExecutor$Worker.run(ThreadPoolExecutor.java:635)
	at java.base/java.lang.Thread.run(Thread.java:833)
</div></td></tr></table><p class="totop"><a href="#summary">back to summary</a></p>
<h3 id="m9">com.qa.mystore.tests.MyAccountPageTest#addToCartTest</h3><table class="result"><tr class="param"><th>Parameter #1</th><th>Parameter #2</th></tr><tr class="param stripe"><td>T-shirts</td><td>Faded Short Sleeve T-shirts</td></tr><tr><th colspan="2">Exception</th></tr><tr><td colspan="2"><div class="stacktrace">org.openqa.selenium.NoSuchElementException: no such element: Unable to locate element: {&quot;method&quot;:&quot;xpath&quot;,&quot;selector&quot;:&quot;//button[@type=&apos;submit&apos; and @name=&apos;Submit&apos;]&quot;}
  (Session info: chrome=102.0.5005.115)
For documentation on this error, please visit: https://selenium.dev/exceptions/#no_such_element
Build info: version: &apos;4.2.1&apos;, revision: &apos;ac4d0fdd4a&apos;
System info: host: &apos;DESKTOP-449DJMC&apos;, ip: &apos;192.168.29.240&apos;, os.name: &apos;Windows 10&apos;, os.arch: &apos;amd64&apos;, os.version: &apos;10.0&apos;, java.version: &apos;18.0.1.1&apos;
Driver info: org.openqa.selenium.chrome.ChromeDriver
Command: [83ba6748feedbd3914eb6607d655883c, findElement {using=xpath, value=//button[@type=&apos;submit&apos; and @name=&apos;Submit&apos;]}]
Capabilities {acceptInsecureCerts: false, browserName: chrome, browserVersion: 102.0.5005.115, chrome: {chromedriverVersion: 102.0.5005.61 (0e59bcc00cc4..., userDataDir: C:\Users\lenovo\AppData\Loc...}, goog:chromeOptions: {debuggerAddress: localhost:59288}, networkConnectionEnabled: false, pageLoadStrategy: normal, platformName: WINDOWS, proxy: Proxy(), se:cdp: ws://localhost:59288/devtoo..., se:cdpVersion: 102.0.5005.115, setWindowRect: true, strictFileInteractability: false, timeouts: {implicit: 0, pageLoad: 300000, script: 30000}, unhandledPromptBehavior: dismiss and notify, webauthn:extension:credBlob: true, webauthn:extension:largeBlob: true, webauthn:virtualAuthenticators: true}
Session ID: 83ba6748feedbd3914eb6607d655883c
	at java.base/jdk.internal.reflect.DirectConstructorHandleAccessor.newInstance(DirectConstructorHandleAccessor.java:67)
	at java.base/java.lang.reflect.Constructor.newInstanceWithCaller(Constructor.java:499)
	at java.base/java.lang.reflect.Constructor.newInstance(Constructor.java:483)
	at org.openqa.selenium.remote.codec.w3c.W3CHttpResponseCodec.createException(W3CHttpResponseCodec.java:200)
	at org.openqa.selenium.remote.codec.w3c.W3CHttpResponseCodec.decode(W3CHttpResponseCodec.java:133)
	at org.openqa.selenium.remote.codec.w3c.W3CHttpResponseCodec.decode(W3CHttpResponseCodec.java:53)
	at org.openqa.selenium.remote.HttpCommandExecutor.execute(HttpCommandExecutor.java:184)
	at org.openqa.selenium.remote.service.DriverCommandExecutor.invokeExecute(DriverCommandExecutor.java:167)
	at org.openqa.selenium.remote.service.DriverCommandExecutor.execute(DriverCommandExecutor.java:142)
	at org.openqa.selenium.remote.RemoteWebDriver.execute(RemoteWebDriver.java:551)
	at org.openqa.selenium.remote.ElementLocation$ElementFinder$2.findElement(ElementLocation.java:162)
	at org.openqa.selenium.remote.ElementLocation.findElement(ElementLocation.java:60)
	at org.openqa.selenium.remote.RemoteWebDriver.findElement(RemoteWebDriver.java:369)
	at org.openqa.selenium.remote.RemoteWebDriver.findElement(RemoteWebDriver.java:361)
	at com.qa.mystore.utils.ElementUtil.getElement(ElementUtil.java:71)
	at com.qa.mystore.utils.ElementUtil.doClick(ElementUtil.java:108)
	at com.qa.mystore.pages.productInfoPage.doClickOnAddToCart(productInfoPage.java:28)
	at com.qa.mystore.tests.MyAccountPageTest.addToCartTest(MyAccountPageTest.java:78)
	at java.base/jdk.internal.reflect.DirectMethodHandleAccessor.invoke(DirectMethodHandleAccessor.java:104)
	at java.base/java.lang.reflect.Method.invoke(Method.java:577)
	at org.testng.internal.MethodInvocationHelper.invokeMethod(MethodInvocationHelper.java:124)
	at org.testng.internal.Invoker.invokeMethod(Invoker.java:583)
	at org.testng.internal.Invoker.invokeTestMethod(Invoker.java:719)
	at org.testng.internal.Invoker.invokeTestMethods(Invoker.java:989)
	at org.testng.internal.TestMethodWorker.invokeTestMethods(TestMethodWorker.java:125)
	at org.testng.internal.TestMethodWorker.run(TestMethodWorker.java:109)
	at org.testng.TestRunner.privateRun(TestRunner.java:648)
	at org.testng.TestRunner.run(TestRunner.java:505)
	at org.testng.SuiteRunner.runTest(SuiteRunner.java:455)
	at org.testng.SuiteRunner.access$000(SuiteRunner.java:40)
	at org.testng.SuiteRunner$SuiteWorker.run(SuiteRunner.java:489)
	at org.testng.internal.thread.ThreadUtil$1.call(ThreadUtil.java:52)
	at java.base/java.util.concurrent.FutureTask.run(FutureTask.java:264)
	at java.base/java.util.concurrent.ThreadPoolExecutor.runWorker(ThreadPoolExecutor.java:1136)
	at java.base/java.util.concurrent.ThreadPoolExecutor$Worker.run(ThreadPoolExecutor.java:635)
	at java.base/java.lang.Thread.run(Thread.java:833)
</div></td></tr></table><p class="totop"><a href="#summary">back to summary</a></p>
<h3 id="m10">com.qa.mystore.tests.MyAccountPageTest#doSearchTest</h3><table class="result"><tr class="param"><th>Parameter #1</th></tr><tr class="param stripe"><td>Dresses</td></tr></table><p class="totop"><a href="#summary">back to summary</a></p>
<h3 id="m11">com.qa.mystore.tests.MyAccountPageTest#doSearchTest</h3><table class="result"><tr class="param"><th>Parameter #1</th></tr><tr class="param stripe"><td>T-shirts</td></tr></table><p class="totop"><a href="#summary">back to summary</a></p>
<h3 id="m12">com.qa.mystore.tests.MyAccountPageTest#isDressesLinkExisteTest</h3><table class="result"><tr><th class="invisible"/></tr></table><p class="totop"><a href="#summary">back to summary</a></p>
<h3 id="m13">com.qa.mystore.tests.MyAccountPageTest#isSignOutExistTest</h3><table class="result"><tr><th class="invisible"/></tr></table><p class="totop"><a href="#summary">back to summary</a></p>
<h3 id="m14">com.qa.mystore.tests.MyAccountPageTest#isTshirtsLinkExisteTest</h3><table class="result"><tr><th class="invisible"/></tr></table><p class="totop"><a href="#summary">back to summary</a></p>
<h3 id="m15">com.qa.mystore.tests.MyAccountPageTest#isWomenLinkExistTest</h3><table class="result"><tr><th class="invisible"/></tr></table><p class="totop"><a href="#summary">back to summary</a></p>
<h3 id="m16">com.qa.mystore.tests.MyAccountPageTest#myAccountPageNameTest</h3><table class="result"><tr><th class="invisible"/></tr></table><p class="totop"><a href="#summary">back to summary</a></p>
</body>
</html>
